CRITICAL - 2022-11-30 20:48:01 --> Undefined variable $d
in APPPATH\Views\analisa.php on line 49.
 1 APPPATH\Views\analisa.php(49): CodeIgniter\Debug\Exceptions->errorHandler(2, 'Undefined variable $d', 'APPPATH\\Views\\analisa.php', 49)
 2 SYSTEMPATH\View\View.php(213): include('APPPATH\\Views\\analisa.php')
 3 SYSTEMPATH\View\View.php(216): CodeIgniter\View\View->CodeIgniter\View\{closure}()
 4 SYSTEMPATH\Common.php(1134): CodeIgniter\View\View->render('analisa', [], true)
 5 APPPATH\Controllers\Analisa.php(15): view('analisa', [...])
 6 SYSTEMPATH\CodeIgniter.php(927): App\Controllers\Analisa->index()
 7 SYSTEMPATH\CodeIgniter.php(482): CodeIgniter\CodeIgniter->runController(Object(App\Controllers\Analisa))
 8 SYSTEMPATH\CodeIgniter.php(351): CodeIgniter\CodeIgniter->handleRequest(null, Object(Config\Cache), false)
 9 FCPATH\index.php(67): CodeIgniter\CodeIgniter->run()
10 SYSTEMPATH\Commands\Server\rewrite.php(46): require_once('FCPATH\\index.php')
CRITICAL - 2022-11-30 20:52:10 --> Undefined array key "11 2022"
in APPPATH\Controllers\Analisa.php on line 34.
 1 APPPATH\Controllers\Analisa.php(34): CodeIgniter\Debug\Exceptions->errorHandler(2, 'Undefined array key "11 2022"', 'APPPATH\\Controllers\\Analisa.php', 34)
 2 SYSTEMPATH\CodeIgniter.php(927): App\Controllers\Analisa->prosesdata([...])
 3 SYSTEMPATH\CodeIgniter.php(482): CodeIgniter\CodeIgniter->runController(Object(App\Controllers\Analisa))
 4 SYSTEMPATH\CodeIgniter.php(351): CodeIgniter\CodeIgniter->handleRequest(null, Object(Config\Cache), false)
 5 FCPATH\index.php(67): CodeIgniter\CodeIgniter->run()
 6 SYSTEMPATH\Commands\Server\rewrite.php(46): require_once('FCPATH\\index.php')
CRITICAL - 2022-11-30 21:03:40 --> Unsupported operand types: string / string
in APPPATH\Controllers\Analisa.php on line 57.
 1 SYSTEMPATH\CodeIgniter.php(927): App\Controllers\Analisa->prosesdata('November 2022')
 2 SYSTEMPATH\CodeIgniter.php(482): CodeIgniter\CodeIgniter->runController(Object(App\Controllers\Analisa))
 3 SYSTEMPATH\CodeIgniter.php(351): CodeIgniter\CodeIgniter->handleRequest(null, Object(Config\Cache), false)
 4 FCPATH\index.php(67): CodeIgniter\CodeIgniter->run()
 5 SYSTEMPATH\Commands\Server\rewrite.php(46): require_once('FCPATH\\index.php')
CRITICAL - 2022-11-30 21:24:33 --> syntax error, unexpected token "=>", expecting ")"
in APPPATH\Controllers\Analisa.php on line 63.
 1 SYSTEMPATH\Autoloader\Autoloader.php(259): CodeIgniter\Autoloader\Autoloader->includeFile('APPPATH\\Controllers\\Analisa.php')
 2 SYSTEMPATH\Autoloader\Autoloader.php(237): CodeIgniter\Autoloader\Autoloader->loadInNamespace('App\\Controllers\\Analisa')
 3 [internal function]: CodeIgniter\Autoloader\Autoloader->loadClass('App\\Controllers\\Analisa')
 4 SYSTEMPATH\CodeIgniter.php(877): class_exists('\\App\\Controllers\\Analisa', true)
 5 SYSTEMPATH\CodeIgniter.php(469): CodeIgniter\CodeIgniter->startController()
 6 SYSTEMPATH\CodeIgniter.php(351): CodeIgniter\CodeIgniter->handleRequest(null, Object(Config\Cache), false)
 7 FCPATH\index.php(67): CodeIgniter\CodeIgniter->run()
 8 SYSTEMPATH\Commands\Server\rewrite.php(46): require_once('FCPATH\\index.php')
ERROR - 2022-11-30 21:24:50 --> mysqli_sql_exception: Unknown column 'na' in 'field list' in C:\xampp\htdocs\isal_spk\system\Database\MySQLi\Connection.php:292
Stack trace:
#0 C:\xampp\htdocs\isal_spk\system\Database\MySQLi\Connection.php(292): mysqli->query('select na from ...', 0)
#1 C:\xampp\htdocs\isal_spk\system\Database\BaseConnection.php(666): CodeIgniter\Database\MySQLi\Connection->execute('select na from ...')
#2 C:\xampp\htdocs\isal_spk\system\Database\BaseConnection.php(593): CodeIgniter\Database\BaseConnection->simpleQuery('select na from ...')
#3 C:\xampp\htdocs\isal_spk\app\Controllers\Analisa.php(60): CodeIgniter\Database\BaseConnection->query('select na from ...')
#4 C:\xampp\htdocs\isal_spk\system\CodeIgniter.php(927): App\Controllers\Analisa->prosesdata('November 2022')
#5 C:\xampp\htdocs\isal_spk\system\CodeIgniter.php(482): CodeIgniter\CodeIgniter->runController(Object(App\Controllers\Analisa))
#6 C:\xampp\htdocs\isal_spk\system\CodeIgniter.php(351): CodeIgniter\CodeIgniter->handleRequest(NULL, Object(Config\Cache), false)
#7 C:\xampp\htdocs\isal_spk\public\index.php(67): CodeIgniter\CodeIgniter->run()
#8 C:\xampp\htdocs\isal_spk\system\Commands\Server\rewrite.php(46): require_once('C:\\xampp\\htdocs...')
#9 {main}
CRITICAL - 2022-11-30 21:24:50 --> Call to a member function getResultArray() on bool
in APPPATH\Controllers\Analisa.php on line 60.
 1 SYSTEMPATH\CodeIgniter.php(927): App\Controllers\Analisa->prosesdata('November 2022')
 2 SYSTEMPATH\CodeIgniter.php(482): CodeIgniter\CodeIgniter->runController(Object(App\Controllers\Analisa))
 3 SYSTEMPATH\CodeIgniter.php(351): CodeIgniter\CodeIgniter->handleRequest(null, Object(Config\Cache), false)
 4 FCPATH\index.php(67): CodeIgniter\CodeIgniter->run()
 5 SYSTEMPATH\Commands\Server\rewrite.php(46): require_once('FCPATH\\index.php')
CRITICAL - 2022-11-30 21:25:15 --> Undefined array key "idnilai"
in APPPATH\Controllers\Analisa.php on line 62.
 1 APPPATH\Controllers\Analisa.php(62): CodeIgniter\Debug\Exceptions->errorHandler(2, 'Undefined array key "idnilai"', 'APPPATH\\Controllers\\Analisa.php', 62)
 2 SYSTEMPATH\CodeIgniter.php(927): App\Controllers\Analisa->prosesdata('November 2022')
 3 SYSTEMPATH\CodeIgniter.php(482): CodeIgniter\CodeIgniter->runController(Object(App\Controllers\Analisa))
 4 SYSTEMPATH\CodeIgniter.php(351): CodeIgniter\CodeIgniter->handleRequest(null, Object(Config\Cache), false)
 5 FCPATH\index.php(67): CodeIgniter\CodeIgniter->run()
 6 SYSTEMPATH\Commands\Server\rewrite.php(46): require_once('FCPATH\\index.php')
CRITICAL - 2022-11-30 21:25:38 --> Undefined array key "idnilai"
in APPPATH\Controllers\Analisa.php on line 62.
 1 APPPATH\Controllers\Analisa.php(62): CodeIgniter\Debug\Exceptions->errorHandler(2, 'Undefined array key "idnilai"', 'APPPATH\\Controllers\\Analisa.php', 62)
 2 SYSTEMPATH\CodeIgniter.php(927): App\Controllers\Analisa->prosesdata('November 2022')
 3 SYSTEMPATH\CodeIgniter.php(482): CodeIgniter\CodeIgniter->runController(Object(App\Controllers\Analisa))
 4 SYSTEMPATH\CodeIgniter.php(351): CodeIgniter\CodeIgniter->handleRequest(null, Object(Config\Cache), false)
 5 FCPATH\index.php(67): CodeIgniter\CodeIgniter->run()
 6 SYSTEMPATH\Commands\Server\rewrite.php(46): require_once('FCPATH\\index.php')
CRITICAL - 2022-11-30 21:25:48 --> Undefined property: App\Controllers\Analisa::$db
in APPPATH\Controllers\Analisa.php on line 63.
 1 APPPATH\Controllers\Analisa.php(63): CodeIgniter\Debug\Exceptions->errorHandler(2, 'Undefined property: App\\Controllers\\Analisa::$db', 'APPPATH\\Controllers\\Analisa.php', 63)
 2 SYSTEMPATH\CodeIgniter.php(927): App\Controllers\Analisa->prosesdata('November 2022')
 3 SYSTEMPATH\CodeIgniter.php(482): CodeIgniter\CodeIgniter->runController(Object(App\Controllers\Analisa))
 4 SYSTEMPATH\CodeIgniter.php(351): CodeIgniter\CodeIgniter->handleRequest(null, Object(Config\Cache), false)
 5 FCPATH\index.php(67): CodeIgniter\CodeIgniter->run()
 6 SYSTEMPATH\Commands\Server\rewrite.php(46): require_once('FCPATH\\index.php')
ERROR - 2022-11-30 21:26:37 --> mysqli_sql_exception: Unknown column 'nilai.na' in 'field list' in C:\xampp\htdocs\isal_spk\system\Database\MySQLi\Connection.php:292
Stack trace:
#0 C:\xampp\htdocs\isal_spk\system\Database\MySQLi\Connection.php(292): mysqli->query('select nilai.na...', 0)
#1 C:\xampp\htdocs\isal_spk\system\Database\BaseConnection.php(666): CodeIgniter\Database\MySQLi\Connection->execute('select nilai.na...')
#2 C:\xampp\htdocs\isal_spk\system\Database\BaseConnection.php(593): CodeIgniter\Database\BaseConnection->simpleQuery('select nilai.na...')
#3 C:\xampp\htdocs\isal_spk\app\Views\analisa.php(294): CodeIgniter\Database\BaseConnection->query('select nilai.na...')
#4 C:\xampp\htdocs\isal_spk\system\View\View.php(213): include('C:\\xampp\\htdocs...')
#5 C:\xampp\htdocs\isal_spk\system\View\View.php(216): CodeIgniter\View\View->CodeIgniter\View\{closure}()
#6 C:\xampp\htdocs\isal_spk\system\Common.php(1134): CodeIgniter\View\View->render('analisa', Array, true)
#7 C:\xampp\htdocs\isal_spk\app\Controllers\Analisa.php(15): view('analisa', Array)
#8 C:\xampp\htdocs\isal_spk\system\CodeIgniter.php(927): App\Controllers\Analisa->index()
#9 C:\xampp\htdocs\isal_spk\system\CodeIgniter.php(482): CodeIgniter\CodeIgniter->runController(Object(App\Controllers\Analisa))
#10 C:\xampp\htdocs\isal_spk\system\CodeIgniter.php(351): CodeIgniter\CodeIgniter->handleRequest(NULL, Object(Config\Cache), false)
#11 C:\xampp\htdocs\isal_spk\public\index.php(67): CodeIgniter\CodeIgniter->run()
#12 C:\xampp\htdocs\isal_spk\system\Commands\Server\rewrite.php(46): require_once('C:\\xampp\\htdocs...')
#13 {main}
CRITICAL - 2022-11-30 21:26:37 --> Call to a member function getResultArray() on bool
in APPPATH\Views\analisa.php on line 294.
 1 SYSTEMPATH\View\View.php(213): include()
 2 SYSTEMPATH\View\View.php(216): CodeIgniter\View\View->CodeIgniter\View\{closure}()
 3 SYSTEMPATH\Common.php(1134): CodeIgniter\View\View->render('analisa', [], true)
 4 APPPATH\Controllers\Analisa.php(15): view('analisa', [...])
 5 SYSTEMPATH\CodeIgniter.php(927): App\Controllers\Analisa->index()
 6 SYSTEMPATH\CodeIgniter.php(482): CodeIgniter\CodeIgniter->runController(Object(App\Controllers\Analisa))
 7 SYSTEMPATH\CodeIgniter.php(351): CodeIgniter\CodeIgniter->handleRequest(null, Object(Config\Cache), false)
 8 FCPATH\index.php(67): CodeIgniter\CodeIgniter->run()
 9 SYSTEMPATH\Commands\Server\rewrite.php(46): require_once('FCPATH\\index.php')
ERROR - 2022-11-30 21:27:27 --> mysqli_sql_exception: Unknown column 'nilai.na' in 'field list' in C:\xampp\htdocs\isal_spk\system\Database\MySQLi\Connection.php:292
Stack trace:
#0 C:\xampp\htdocs\isal_spk\system\Database\MySQLi\Connection.php(292): mysqli->query('select nilai.na...', 0)
#1 C:\xampp\htdocs\isal_spk\system\Database\BaseConnection.php(666): CodeIgniter\Database\MySQLi\Connection->execute('select nilai.na...')
#2 C:\xampp\htdocs\isal_spk\system\Database\BaseConnection.php(593): CodeIgniter\Database\BaseConnection->simpleQuery('select nilai.na...')
#3 C:\xampp\htdocs\isal_spk\app\Views\analisa.php(294): CodeIgniter\Database\BaseConnection->query('select nilai.na...')
#4 C:\xampp\htdocs\isal_spk\system\View\View.php(213): include('C:\\xampp\\htdocs...')
#5 C:\xampp\htdocs\isal_spk\system\View\View.php(216): CodeIgniter\View\View->CodeIgniter\View\{closure}()
#6 C:\xampp\htdocs\isal_spk\system\Common.php(1134): CodeIgniter\View\View->render('analisa', Array, true)
#7 C:\xampp\htdocs\isal_spk\app\Controllers\Analisa.php(15): view('analisa', Array)
#8 C:\xampp\htdocs\isal_spk\system\CodeIgniter.php(927): App\Controllers\Analisa->index()
#9 C:\xampp\htdocs\isal_spk\system\CodeIgniter.php(482): CodeIgniter\CodeIgniter->runController(Object(App\Controllers\Analisa))
#10 C:\xampp\htdocs\isal_spk\system\CodeIgniter.php(351): CodeIgniter\CodeIgniter->handleRequest(NULL, Object(Config\Cache), false)
#11 C:\xampp\htdocs\isal_spk\public\index.php(67): CodeIgniter\CodeIgniter->run()
#12 C:\xampp\htdocs\isal_spk\system\Commands\Server\rewrite.php(46): require_once('C:\\xampp\\htdocs...')
#13 {main}
CRITICAL - 2022-11-30 21:27:27 --> Call to a member function getResultArray() on bool
in APPPATH\Views\analisa.php on line 294.
 1 SYSTEMPATH\View\View.php(213): include()
 2 SYSTEMPATH\View\View.php(216): CodeIgniter\View\View->CodeIgniter\View\{closure}()
 3 SYSTEMPATH\Common.php(1134): CodeIgniter\View\View->render('analisa', [], true)
 4 APPPATH\Controllers\Analisa.php(15): view('analisa', [...])
 5 SYSTEMPATH\CodeIgniter.php(927): App\Controllers\Analisa->index()
 6 SYSTEMPATH\CodeIgniter.php(482): CodeIgniter\CodeIgniter->runController(Object(App\Controllers\Analisa))
 7 SYSTEMPATH\CodeIgniter.php(351): CodeIgniter\CodeIgniter->handleRequest(null, Object(Config\Cache), false)
 8 FCPATH\index.php(67): CodeIgniter\CodeIgniter->run()
 9 SYSTEMPATH\Commands\Server\rewrite.php(46): require_once('FCPATH\\index.php')
CRITICAL - 2022-11-30 23:19:39 --> Class "App\Controllers\Databasemodel" not found
in APPPATH\Controllers\Analisa.php on line 87.
 1 SYSTEMPATH\CodeIgniter.php(927): App\Controllers\Analisa->cetakdata('11_2022')
 2 SYSTEMPATH\CodeIgniter.php(482): CodeIgniter\CodeIgniter->runController(Object(App\Controllers\Analisa))
 3 SYSTEMPATH\CodeIgniter.php(351): CodeIgniter\CodeIgniter->handleRequest(null, Object(Config\Cache), false)
 4 FCPATH\index.php(67): CodeIgniter\CodeIgniter->run()
 5 SYSTEMPATH\Commands\Server\rewrite.php(46): require_once('FCPATH\\index.php')
CRITICAL - 2022-11-30 23:33:01 --> Undefined property: App\Controllers\Analisa::$pdf
in APPPATH\Controllers\Analisa.php on line 98.
 1 APPPATH\Controllers\Analisa.php(98): CodeIgniter\Debug\Exceptions->errorHandler(2, 'Undefined property: App\\Controllers\\Analisa::$pdf', 'APPPATH\\Controllers\\Analisa.php', 98)
 2 SYSTEMPATH\CodeIgniter.php(927): App\Controllers\Analisa->cetakdata('November 2022')
 3 SYSTEMPATH\CodeIgniter.php(482): CodeIgniter\CodeIgniter->runController(Object(App\Controllers\Analisa))
 4 SYSTEMPATH\CodeIgniter.php(351): CodeIgniter\CodeIgniter->handleRequest(null, Object(Config\Cache), false)
 5 FCPATH\index.php(67): CodeIgniter\CodeIgniter->run()
 6 SYSTEMPATH\Commands\Server\rewrite.php(46): require_once('FCPATH\\index.php')
CRITICAL - 2022-11-30 23:36:53 --> Maximum execution time of 60 seconds exceeded
in SYSTEMPATH\Debug\Exceptions.php on line 153.
 1 [internal function]: CodeIgniter\Debug\Exceptions->shutdownHandler()
CRITICAL - 2022-11-30 23:37:53 --> Maximum execution time of 60 seconds exceeded
in SYSTEMPATH\Debug\Exceptions.php on line 153.
 1 [internal function]: CodeIgniter\Debug\Exceptions->shutdownHandler()
