CRITICAL - 2023-01-03 05:36:20 --> Undefined array key "01"
in APPPATH\Views\landing.php on line 7.
 1 APPPATH\Views\landing.php(7): CodeIgniter\Debug\Exceptions->errorHandler(2, 'Undefined array key "01"', 'APPPATH\\Views\\landing.php', 7)
 2 SYSTEMPATH\View\View.php(213): include('APPPATH\\Views\\landing.php')
 3 SYSTEMPATH\View\View.php(216): CodeIgniter\View\View->CodeIgniter\View\{closure}()
 4 SYSTEMPATH\Common.php(1134): CodeIgniter\View\View->render('landing', [], true)
 5 APPPATH\Controllers\Root.php(7): view('landing')
 6 SYSTEMPATH\CodeIgniter.php(927): App\Controllers\Root->index()
 7 SYSTEMPATH\CodeIgniter.php(482): CodeIgniter\CodeIgniter->runController(Object(App\Controllers\Root))
 8 SYSTEMPATH\CodeIgniter.php(351): CodeIgniter\CodeIgniter->handleRequest(null, Object(Config\Cache), false)
 9 FCPATH\index.php(67): CodeIgniter\CodeIgniter->run()
10 SYSTEMPATH\Commands\Server\rewrite.php(46): require_once('FCPATH\\index.php')
CRITICAL - 2023-01-03 05:48:17 --> Call to undefined method CodeIgniter\Database\MySQLi\Result::getArrayResult()
in APPPATH\Views\kriteria.php on line 3.
 1 SYSTEMPATH\View\View.php(213): include()
 2 SYSTEMPATH\View\View.php(216): CodeIgniter\View\View->CodeIgniter\View\{closure}()
 3 SYSTEMPATH\Common.php(1134): CodeIgniter\View\View->render('kriteria', [], true)
 4 APPPATH\Controllers\Kriteria.php(10): view('kriteria', [...])
 5 SYSTEMPATH\CodeIgniter.php(927): App\Controllers\Kriteria->index()
 6 SYSTEMPATH\CodeIgniter.php(482): CodeIgniter\CodeIgniter->runController(Object(App\Controllers\Kriteria))
 7 SYSTEMPATH\CodeIgniter.php(351): CodeIgniter\CodeIgniter->handleRequest(null, Object(Config\Cache), false)
 8 FCPATH\index.php(67): CodeIgniter\CodeIgniter->run()
 9 SYSTEMPATH\Commands\Server\rewrite.php(46): require_once('FCPATH\\index.php')
CRITICAL - 2023-01-03 06:08:28 --> foreach() argument must be of type array|object, string given
in APPPATH\Views\kriteria.php on line 116.
 1 APPPATH\Views\kriteria.php(116): CodeIgniter\Debug\Exceptions->errorHandler(2, 'foreach() argument must be of type array|object, string given', 'APPPATH\\Views\\kriteria.php', 116)
 2 SYSTEMPATH\View\View.php(213): include('APPPATH\\Views\\kriteria.php')
 3 SYSTEMPATH\View\View.php(216): CodeIgniter\View\View->CodeIgniter\View\{closure}()
 4 SYSTEMPATH\Common.php(1134): CodeIgniter\View\View->render('kriteria', [], true)
 5 APPPATH\Controllers\Kriteria.php(10): view('kriteria', [...])
 6 SYSTEMPATH\CodeIgniter.php(927): App\Controllers\Kriteria->index()
 7 SYSTEMPATH\CodeIgniter.php(482): CodeIgniter\CodeIgniter->runController(Object(App\Controllers\Kriteria))
 8 SYSTEMPATH\CodeIgniter.php(351): CodeIgniter\CodeIgniter->handleRequest(null, Object(Config\Cache), false)
 9 FCPATH\index.php(67): CodeIgniter\CodeIgniter->run()
10 SYSTEMPATH\Commands\Server\rewrite.php(46): require_once('FCPATH\\index.php')
CRITICAL - 2023-01-03 07:21:32 --> Trying to access array offset on value of type int
in APPPATH\Views\nilai.php on line 94.
 1 APPPATH\Views\nilai.php(94): CodeIgniter\Debug\Exceptions->errorHandler(2, 'Trying to access array offset on value of type int', 'APPPATH\\Views\\nilai.php', 94)
 2 SYSTEMPATH\View\View.php(213): include('APPPATH\\Views\\nilai.php')
 3 SYSTEMPATH\View\View.php(216): CodeIgniter\View\View->CodeIgniter\View\{closure}()
 4 SYSTEMPATH\Common.php(1134): CodeIgniter\View\View->render('nilai', [], true)
 5 APPPATH\Controllers\Nilai.php(16): view('nilai', [...])
 6 SYSTEMPATH\CodeIgniter.php(927): App\Controllers\Nilai->index()
 7 SYSTEMPATH\CodeIgniter.php(482): CodeIgniter\CodeIgniter->runController(Object(App\Controllers\Nilai))
 8 SYSTEMPATH\CodeIgniter.php(351): CodeIgniter\CodeIgniter->handleRequest(null, Object(Config\Cache), false)
 9 FCPATH\index.php(67): CodeIgniter\CodeIgniter->run()
10 SYSTEMPATH\Commands\Server\rewrite.php(46): require_once('FCPATH\\index.php')
CRITICAL - 2023-01-03 07:22:31 --> Trying to access array offset on value of type int
in APPPATH\Views\nilai.php on line 94.
 1 APPPATH\Views\nilai.php(94): CodeIgniter\Debug\Exceptions->errorHandler(2, 'Trying to access array offset on value of type int', 'APPPATH\\Views\\nilai.php', 94)
 2 SYSTEMPATH\View\View.php(213): include('APPPATH\\Views\\nilai.php')
 3 SYSTEMPATH\View\View.php(216): CodeIgniter\View\View->CodeIgniter\View\{closure}()
 4 SYSTEMPATH\Common.php(1134): CodeIgniter\View\View->render('nilai', [], true)
 5 APPPATH\Controllers\Nilai.php(16): view('nilai', [...])
 6 SYSTEMPATH\CodeIgniter.php(927): App\Controllers\Nilai->index()
 7 SYSTEMPATH\CodeIgniter.php(482): CodeIgniter\CodeIgniter->runController(Object(App\Controllers\Nilai))
 8 SYSTEMPATH\CodeIgniter.php(351): CodeIgniter\CodeIgniter->handleRequest(null, Object(Config\Cache), false)
 9 FCPATH\index.php(67): CodeIgniter\CodeIgniter->run()
10 SYSTEMPATH\Commands\Server\rewrite.php(46): require_once('FCPATH\\index.php')
CRITICAL - 2023-01-03 07:22:33 --> Trying to access array offset on value of type int
in APPPATH\Views\nilai.php on line 94.
 1 APPPATH\Views\nilai.php(94): CodeIgniter\Debug\Exceptions->errorHandler(2, 'Trying to access array offset on value of type int', 'APPPATH\\Views\\nilai.php', 94)
 2 SYSTEMPATH\View\View.php(213): include('APPPATH\\Views\\nilai.php')
 3 SYSTEMPATH\View\View.php(216): CodeIgniter\View\View->CodeIgniter\View\{closure}()
 4 SYSTEMPATH\Common.php(1134): CodeIgniter\View\View->render('nilai', [], true)
 5 APPPATH\Controllers\Nilai.php(16): view('nilai', [...])
 6 SYSTEMPATH\CodeIgniter.php(927): App\Controllers\Nilai->index()
 7 SYSTEMPATH\CodeIgniter.php(482): CodeIgniter\CodeIgniter->runController(Object(App\Controllers\Nilai))
 8 SYSTEMPATH\CodeIgniter.php(351): CodeIgniter\CodeIgniter->handleRequest(null, Object(Config\Cache), false)
 9 FCPATH\index.php(67): CodeIgniter\CodeIgniter->run()
10 SYSTEMPATH\Commands\Server\rewrite.php(46): require_once('FCPATH\\index.php')
CRITICAL - 2023-01-03 07:24:04 --> Trying to access array offset on value of type int
in APPPATH\Views\nilai.php on line 96.
 1 APPPATH\Views\nilai.php(96): CodeIgniter\Debug\Exceptions->errorHandler(2, 'Trying to access array offset on value of type int', 'APPPATH\\Views\\nilai.php', 96)
 2 SYSTEMPATH\View\View.php(213): include('APPPATH\\Views\\nilai.php')
 3 SYSTEMPATH\View\View.php(216): CodeIgniter\View\View->CodeIgniter\View\{closure}()
 4 SYSTEMPATH\Common.php(1134): CodeIgniter\View\View->render('nilai', [], true)
 5 APPPATH\Controllers\Nilai.php(16): view('nilai', [...])
 6 SYSTEMPATH\CodeIgniter.php(927): App\Controllers\Nilai->index()
 7 SYSTEMPATH\CodeIgniter.php(482): CodeIgniter\CodeIgniter->runController(Object(App\Controllers\Nilai))
 8 SYSTEMPATH\CodeIgniter.php(351): CodeIgniter\CodeIgniter->handleRequest(null, Object(Config\Cache), false)
 9 FCPATH\index.php(67): CodeIgniter\CodeIgniter->run()
10 SYSTEMPATH\Commands\Server\rewrite.php(46): require_once('FCPATH\\index.php')
CRITICAL - 2023-01-03 07:24:39 --> Trying to access array offset on value of type int
in APPPATH\Views\nilai.php on line 98.
 1 APPPATH\Views\nilai.php(98): CodeIgniter\Debug\Exceptions->errorHandler(2, 'Trying to access array offset on value of type int', 'APPPATH\\Views\\nilai.php', 98)
 2 SYSTEMPATH\View\View.php(213): include('APPPATH\\Views\\nilai.php')
 3 SYSTEMPATH\View\View.php(216): CodeIgniter\View\View->CodeIgniter\View\{closure}()
 4 SYSTEMPATH\Common.php(1134): CodeIgniter\View\View->render('nilai', [], true)
 5 APPPATH\Controllers\Nilai.php(16): view('nilai', [...])
 6 SYSTEMPATH\CodeIgniter.php(927): App\Controllers\Nilai->index()
 7 SYSTEMPATH\CodeIgniter.php(482): CodeIgniter\CodeIgniter->runController(Object(App\Controllers\Nilai))
 8 SYSTEMPATH\CodeIgniter.php(351): CodeIgniter\CodeIgniter->handleRequest(null, Object(Config\Cache), false)
 9 FCPATH\index.php(67): CodeIgniter\CodeIgniter->run()
10 SYSTEMPATH\Commands\Server\rewrite.php(46): require_once('FCPATH\\index.php')
CRITICAL - 2023-01-03 07:24:40 --> Trying to access array offset on value of type int
in APPPATH\Views\nilai.php on line 98.
 1 APPPATH\Views\nilai.php(98): CodeIgniter\Debug\Exceptions->errorHandler(2, 'Trying to access array offset on value of type int', 'APPPATH\\Views\\nilai.php', 98)
 2 SYSTEMPATH\View\View.php(213): include('APPPATH\\Views\\nilai.php')
 3 SYSTEMPATH\View\View.php(216): CodeIgniter\View\View->CodeIgniter\View\{closure}()
 4 SYSTEMPATH\Common.php(1134): CodeIgniter\View\View->render('nilai', [], true)
 5 APPPATH\Controllers\Nilai.php(16): view('nilai', [...])
 6 SYSTEMPATH\CodeIgniter.php(927): App\Controllers\Nilai->index()
 7 SYSTEMPATH\CodeIgniter.php(482): CodeIgniter\CodeIgniter->runController(Object(App\Controllers\Nilai))
 8 SYSTEMPATH\CodeIgniter.php(351): CodeIgniter\CodeIgniter->handleRequest(null, Object(Config\Cache), false)
 9 FCPATH\index.php(67): CodeIgniter\CodeIgniter->run()
10 SYSTEMPATH\Commands\Server\rewrite.php(46): require_once('FCPATH\\index.php')
CRITICAL - 2023-01-03 07:24:40 --> Trying to access array offset on value of type int
in APPPATH\Views\nilai.php on line 98.
 1 APPPATH\Views\nilai.php(98): CodeIgniter\Debug\Exceptions->errorHandler(2, 'Trying to access array offset on value of type int', 'APPPATH\\Views\\nilai.php', 98)
 2 SYSTEMPATH\View\View.php(213): include('APPPATH\\Views\\nilai.php')
 3 SYSTEMPATH\View\View.php(216): CodeIgniter\View\View->CodeIgniter\View\{closure}()
 4 SYSTEMPATH\Common.php(1134): CodeIgniter\View\View->render('nilai', [], true)
 5 APPPATH\Controllers\Nilai.php(16): view('nilai', [...])
 6 SYSTEMPATH\CodeIgniter.php(927): App\Controllers\Nilai->index()
 7 SYSTEMPATH\CodeIgniter.php(482): CodeIgniter\CodeIgniter->runController(Object(App\Controllers\Nilai))
 8 SYSTEMPATH\CodeIgniter.php(351): CodeIgniter\CodeIgniter->handleRequest(null, Object(Config\Cache), false)
 9 FCPATH\index.php(67): CodeIgniter\CodeIgniter->run()
10 SYSTEMPATH\Commands\Server\rewrite.php(46): require_once('FCPATH\\index.php')
CRITICAL - 2023-01-03 07:24:40 --> Trying to access array offset on value of type int
in APPPATH\Views\nilai.php on line 98.
 1 APPPATH\Views\nilai.php(98): CodeIgniter\Debug\Exceptions->errorHandler(2, 'Trying to access array offset on value of type int', 'APPPATH\\Views\\nilai.php', 98)
 2 SYSTEMPATH\View\View.php(213): include('APPPATH\\Views\\nilai.php')
 3 SYSTEMPATH\View\View.php(216): CodeIgniter\View\View->CodeIgniter\View\{closure}()
 4 SYSTEMPATH\Common.php(1134): CodeIgniter\View\View->render('nilai', [], true)
 5 APPPATH\Controllers\Nilai.php(16): view('nilai', [...])
 6 SYSTEMPATH\CodeIgniter.php(927): App\Controllers\Nilai->index()
 7 SYSTEMPATH\CodeIgniter.php(482): CodeIgniter\CodeIgniter->runController(Object(App\Controllers\Nilai))
 8 SYSTEMPATH\CodeIgniter.php(351): CodeIgniter\CodeIgniter->handleRequest(null, Object(Config\Cache), false)
 9 FCPATH\index.php(67): CodeIgniter\CodeIgniter->run()
10 SYSTEMPATH\Commands\Server\rewrite.php(46): require_once('FCPATH\\index.php')
CRITICAL - 2023-01-03 07:24:40 --> Trying to access array offset on value of type int
in APPPATH\Views\nilai.php on line 98.
 1 APPPATH\Views\nilai.php(98): CodeIgniter\Debug\Exceptions->errorHandler(2, 'Trying to access array offset on value of type int', 'APPPATH\\Views\\nilai.php', 98)
 2 SYSTEMPATH\View\View.php(213): include('APPPATH\\Views\\nilai.php')
 3 SYSTEMPATH\View\View.php(216): CodeIgniter\View\View->CodeIgniter\View\{closure}()
 4 SYSTEMPATH\Common.php(1134): CodeIgniter\View\View->render('nilai', [], true)
 5 APPPATH\Controllers\Nilai.php(16): view('nilai', [...])
 6 SYSTEMPATH\CodeIgniter.php(927): App\Controllers\Nilai->index()
 7 SYSTEMPATH\CodeIgniter.php(482): CodeIgniter\CodeIgniter->runController(Object(App\Controllers\Nilai))
 8 SYSTEMPATH\CodeIgniter.php(351): CodeIgniter\CodeIgniter->handleRequest(null, Object(Config\Cache), false)
 9 FCPATH\index.php(67): CodeIgniter\CodeIgniter->run()
10 SYSTEMPATH\Commands\Server\rewrite.php(46): require_once('FCPATH\\index.php')
CRITICAL - 2023-01-03 07:24:41 --> Trying to access array offset on value of type int
in APPPATH\Views\nilai.php on line 98.
 1 APPPATH\Views\nilai.php(98): CodeIgniter\Debug\Exceptions->errorHandler(2, 'Trying to access array offset on value of type int', 'APPPATH\\Views\\nilai.php', 98)
 2 SYSTEMPATH\View\View.php(213): include('APPPATH\\Views\\nilai.php')
 3 SYSTEMPATH\View\View.php(216): CodeIgniter\View\View->CodeIgniter\View\{closure}()
 4 SYSTEMPATH\Common.php(1134): CodeIgniter\View\View->render('nilai', [], true)
 5 APPPATH\Controllers\Nilai.php(16): view('nilai', [...])
 6 SYSTEMPATH\CodeIgniter.php(927): App\Controllers\Nilai->index()
 7 SYSTEMPATH\CodeIgniter.php(482): CodeIgniter\CodeIgniter->runController(Object(App\Controllers\Nilai))
 8 SYSTEMPATH\CodeIgniter.php(351): CodeIgniter\CodeIgniter->handleRequest(null, Object(Config\Cache), false)
 9 FCPATH\index.php(67): CodeIgniter\CodeIgniter->run()
10 SYSTEMPATH\Commands\Server\rewrite.php(46): require_once('FCPATH\\index.php')
CRITICAL - 2023-01-03 07:25:15 --> Trying to access array offset on value of type int
in APPPATH\Views\nilai.php on line 98.
 1 APPPATH\Views\nilai.php(98): CodeIgniter\Debug\Exceptions->errorHandler(2, 'Trying to access array offset on value of type int', 'APPPATH\\Views\\nilai.php', 98)
 2 SYSTEMPATH\View\View.php(213): include('APPPATH\\Views\\nilai.php')
 3 SYSTEMPATH\View\View.php(216): CodeIgniter\View\View->CodeIgniter\View\{closure}()
 4 SYSTEMPATH\Common.php(1134): CodeIgniter\View\View->render('nilai', [], true)
 5 APPPATH\Controllers\Nilai.php(16): view('nilai', [...])
 6 SYSTEMPATH\CodeIgniter.php(927): App\Controllers\Nilai->index()
 7 SYSTEMPATH\CodeIgniter.php(482): CodeIgniter\CodeIgniter->runController(Object(App\Controllers\Nilai))
 8 SYSTEMPATH\CodeIgniter.php(351): CodeIgniter\CodeIgniter->handleRequest(null, Object(Config\Cache), false)
 9 FCPATH\index.php(67): CodeIgniter\CodeIgniter->run()
10 SYSTEMPATH\Commands\Server\rewrite.php(46): require_once('FCPATH\\index.php')
CRITICAL - 2023-01-03 07:25:28 --> Trying to access array offset on value of type int
in APPPATH\Views\nilai.php on line 98.
 1 APPPATH\Views\nilai.php(98): CodeIgniter\Debug\Exceptions->errorHandler(2, 'Trying to access array offset on value of type int', 'APPPATH\\Views\\nilai.php', 98)
 2 SYSTEMPATH\View\View.php(213): include('APPPATH\\Views\\nilai.php')
 3 SYSTEMPATH\View\View.php(216): CodeIgniter\View\View->CodeIgniter\View\{closure}()
 4 SYSTEMPATH\Common.php(1134): CodeIgniter\View\View->render('nilai', [], true)
 5 APPPATH\Controllers\Nilai.php(16): view('nilai', [...])
 6 SYSTEMPATH\CodeIgniter.php(927): App\Controllers\Nilai->index()
 7 SYSTEMPATH\CodeIgniter.php(482): CodeIgniter\CodeIgniter->runController(Object(App\Controllers\Nilai))
 8 SYSTEMPATH\CodeIgniter.php(351): CodeIgniter\CodeIgniter->handleRequest(null, Object(Config\Cache), false)
 9 FCPATH\index.php(67): CodeIgniter\CodeIgniter->run()
10 SYSTEMPATH\Commands\Server\rewrite.php(46): require_once('FCPATH\\index.php')
CRITICAL - 2023-01-03 07:25:28 --> Trying to access array offset on value of type int
in APPPATH\Views\nilai.php on line 98.
 1 APPPATH\Views\nilai.php(98): CodeIgniter\Debug\Exceptions->errorHandler(2, 'Trying to access array offset on value of type int', 'APPPATH\\Views\\nilai.php', 98)
 2 SYSTEMPATH\View\View.php(213): include('APPPATH\\Views\\nilai.php')
 3 SYSTEMPATH\View\View.php(216): CodeIgniter\View\View->CodeIgniter\View\{closure}()
 4 SYSTEMPATH\Common.php(1134): CodeIgniter\View\View->render('nilai', [], true)
 5 APPPATH\Controllers\Nilai.php(16): view('nilai', [...])
 6 SYSTEMPATH\CodeIgniter.php(927): App\Controllers\Nilai->index()
 7 SYSTEMPATH\CodeIgniter.php(482): CodeIgniter\CodeIgniter->runController(Object(App\Controllers\Nilai))
 8 SYSTEMPATH\CodeIgniter.php(351): CodeIgniter\CodeIgniter->handleRequest(null, Object(Config\Cache), false)
 9 FCPATH\index.php(67): CodeIgniter\CodeIgniter->run()
10 SYSTEMPATH\Commands\Server\rewrite.php(46): require_once('FCPATH\\index.php')
CRITICAL - 2023-01-03 07:25:28 --> Trying to access array offset on value of type int
in APPPATH\Views\nilai.php on line 98.
 1 APPPATH\Views\nilai.php(98): CodeIgniter\Debug\Exceptions->errorHandler(2, 'Trying to access array offset on value of type int', 'APPPATH\\Views\\nilai.php', 98)
 2 SYSTEMPATH\View\View.php(213): include('APPPATH\\Views\\nilai.php')
 3 SYSTEMPATH\View\View.php(216): CodeIgniter\View\View->CodeIgniter\View\{closure}()
 4 SYSTEMPATH\Common.php(1134): CodeIgniter\View\View->render('nilai', [], true)
 5 APPPATH\Controllers\Nilai.php(16): view('nilai', [...])
 6 SYSTEMPATH\CodeIgniter.php(927): App\Controllers\Nilai->index()
 7 SYSTEMPATH\CodeIgniter.php(482): CodeIgniter\CodeIgniter->runController(Object(App\Controllers\Nilai))
 8 SYSTEMPATH\CodeIgniter.php(351): CodeIgniter\CodeIgniter->handleRequest(null, Object(Config\Cache), false)
 9 FCPATH\index.php(67): CodeIgniter\CodeIgniter->run()
10 SYSTEMPATH\Commands\Server\rewrite.php(46): require_once('FCPATH\\index.php')
CRITICAL - 2023-01-03 07:25:29 --> Trying to access array offset on value of type int
in APPPATH\Views\nilai.php on line 98.
 1 APPPATH\Views\nilai.php(98): CodeIgniter\Debug\Exceptions->errorHandler(2, 'Trying to access array offset on value of type int', 'APPPATH\\Views\\nilai.php', 98)
 2 SYSTEMPATH\View\View.php(213): include('APPPATH\\Views\\nilai.php')
 3 SYSTEMPATH\View\View.php(216): CodeIgniter\View\View->CodeIgniter\View\{closure}()
 4 SYSTEMPATH\Common.php(1134): CodeIgniter\View\View->render('nilai', [], true)
 5 APPPATH\Controllers\Nilai.php(16): view('nilai', [...])
 6 SYSTEMPATH\CodeIgniter.php(927): App\Controllers\Nilai->index()
 7 SYSTEMPATH\CodeIgniter.php(482): CodeIgniter\CodeIgniter->runController(Object(App\Controllers\Nilai))
 8 SYSTEMPATH\CodeIgniter.php(351): CodeIgniter\CodeIgniter->handleRequest(null, Object(Config\Cache), false)
 9 FCPATH\index.php(67): CodeIgniter\CodeIgniter->run()
10 SYSTEMPATH\Commands\Server\rewrite.php(46): require_once('FCPATH\\index.php')
CRITICAL - 2023-01-03 07:26:06 --> Trying to access array offset on value of type int
in APPPATH\Views\nilai.php on line 94.
 1 APPPATH\Views\nilai.php(94): CodeIgniter\Debug\Exceptions->errorHandler(2, 'Trying to access array offset on value of type int', 'APPPATH\\Views\\nilai.php', 94)
 2 SYSTEMPATH\View\View.php(213): include('APPPATH\\Views\\nilai.php')
 3 SYSTEMPATH\View\View.php(216): CodeIgniter\View\View->CodeIgniter\View\{closure}()
 4 SYSTEMPATH\Common.php(1134): CodeIgniter\View\View->render('nilai', [], true)
 5 APPPATH\Controllers\Nilai.php(16): view('nilai', [...])
 6 SYSTEMPATH\CodeIgniter.php(927): App\Controllers\Nilai->index()
 7 SYSTEMPATH\CodeIgniter.php(482): CodeIgniter\CodeIgniter->runController(Object(App\Controllers\Nilai))
 8 SYSTEMPATH\CodeIgniter.php(351): CodeIgniter\CodeIgniter->handleRequest(null, Object(Config\Cache), false)
 9 FCPATH\index.php(67): CodeIgniter\CodeIgniter->run()
10 SYSTEMPATH\Commands\Server\rewrite.php(46): require_once('FCPATH\\index.php')
CRITICAL - 2023-01-03 07:27:02 --> Trying to access array offset on value of type int
in APPPATH\Views\nilai.php on line 101.
 1 APPPATH\Views\nilai.php(101): CodeIgniter\Debug\Exceptions->errorHandler(2, 'Trying to access array offset on value of type int', 'APPPATH\\Views\\nilai.php', 101)
 2 SYSTEMPATH\View\View.php(213): include('APPPATH\\Views\\nilai.php')
 3 SYSTEMPATH\View\View.php(216): CodeIgniter\View\View->CodeIgniter\View\{closure}()
 4 SYSTEMPATH\Common.php(1134): CodeIgniter\View\View->render('nilai', [], true)
 5 APPPATH\Controllers\Nilai.php(16): view('nilai', [...])
 6 SYSTEMPATH\CodeIgniter.php(927): App\Controllers\Nilai->index()
 7 SYSTEMPATH\CodeIgniter.php(482): CodeIgniter\CodeIgniter->runController(Object(App\Controllers\Nilai))
 8 SYSTEMPATH\CodeIgniter.php(351): CodeIgniter\CodeIgniter->handleRequest(null, Object(Config\Cache), false)
 9 FCPATH\index.php(67): CodeIgniter\CodeIgniter->run()
10 SYSTEMPATH\Commands\Server\rewrite.php(46): require_once('FCPATH\\index.php')
CRITICAL - 2023-01-03 07:28:06 --> Trying to access array offset on value of type null
in APPPATH\Controllers\Nilai.php on line 38.
 1 APPPATH\Controllers\Nilai.php(38): CodeIgniter\Debug\Exceptions->errorHandler(2, 'Trying to access array offset on value of type null', 'APPPATH\\Controllers\\Nilai.php', 38)
 2 SYSTEMPATH\CodeIgniter.php(927): App\Controllers\Nilai->simpandata('1')
 3 SYSTEMPATH\CodeIgniter.php(482): CodeIgniter\CodeIgniter->runController(Object(App\Controllers\Nilai))
 4 SYSTEMPATH\CodeIgniter.php(351): CodeIgniter\CodeIgniter->handleRequest(null, Object(Config\Cache), false)
 5 FCPATH\index.php(67): CodeIgniter\CodeIgniter->run()
 6 SYSTEMPATH\Commands\Server\rewrite.php(46): require_once('FCPATH\\index.php')
CRITICAL - 2023-01-03 07:31:51 --> Undefined array key "satuan"
in APPPATH\Controllers\Nilai.php on line 39.
 1 APPPATH\Controllers\Nilai.php(39): CodeIgniter\Debug\Exceptions->errorHandler(2, 'Undefined array key "satuan"', 'APPPATH\\Controllers\\Nilai.php', 39)
 2 SYSTEMPATH\CodeIgniter.php(927): App\Controllers\Nilai->simpandata('1')
 3 SYSTEMPATH\CodeIgniter.php(482): CodeIgniter\CodeIgniter->runController(Object(App\Controllers\Nilai))
 4 SYSTEMPATH\CodeIgniter.php(351): CodeIgniter\CodeIgniter->handleRequest(null, Object(Config\Cache), false)
 5 FCPATH\index.php(67): CodeIgniter\CodeIgniter->run()
 6 SYSTEMPATH\Commands\Server\rewrite.php(46): require_once('FCPATH\\index.php')
CRITICAL - 2023-01-03 07:32:02 --> Undefined array key 0
in APPPATH\Views\nilai.php on line 80.
 1 APPPATH\Views\nilai.php(80): CodeIgniter\Debug\Exceptions->errorHandler(2, 'Undefined array key 0', 'APPPATH\\Views\\nilai.php', 80)
 2 SYSTEMPATH\View\View.php(213): include('APPPATH\\Views\\nilai.php')
 3 SYSTEMPATH\View\View.php(216): CodeIgniter\View\View->CodeIgniter\View\{closure}()
 4 SYSTEMPATH\Common.php(1134): CodeIgniter\View\View->render('nilai', [], true)
 5 APPPATH\Controllers\Nilai.php(16): view('nilai', [...])
 6 SYSTEMPATH\CodeIgniter.php(927): App\Controllers\Nilai->index()
 7 SYSTEMPATH\CodeIgniter.php(482): CodeIgniter\CodeIgniter->runController(Object(App\Controllers\Nilai))
 8 SYSTEMPATH\CodeIgniter.php(351): CodeIgniter\CodeIgniter->handleRequest(null, Object(Config\Cache), false)
 9 FCPATH\index.php(67): CodeIgniter\CodeIgniter->run()
10 SYSTEMPATH\Commands\Server\rewrite.php(46): require_once('FCPATH\\index.php')
CRITICAL - 2023-01-03 07:33:43 --> Undefined array key "01"
in APPPATH\Views\analisa.php on line 8.
 1 APPPATH\Views\analisa.php(8): CodeIgniter\Debug\Exceptions->errorHandler(2, 'Undefined array key "01"', 'APPPATH\\Views\\analisa.php', 8)
 2 SYSTEMPATH\View\View.php(213): include('APPPATH\\Views\\analisa.php')
 3 SYSTEMPATH\View\View.php(216): CodeIgniter\View\View->CodeIgniter\View\{closure}()
 4 SYSTEMPATH\Common.php(1134): CodeIgniter\View\View->render('analisa', [], true)
 5 APPPATH\Controllers\Analisa.php(16): view('analisa', [...])
 6 SYSTEMPATH\CodeIgniter.php(927): App\Controllers\Analisa->index()
 7 SYSTEMPATH\CodeIgniter.php(482): CodeIgniter\CodeIgniter->runController(Object(App\Controllers\Analisa))
 8 SYSTEMPATH\CodeIgniter.php(351): CodeIgniter\CodeIgniter->handleRequest(null, Object(Config\Cache), false)
 9 FCPATH\index.php(67): CodeIgniter\CodeIgniter->run()
10 SYSTEMPATH\Commands\Server\rewrite.php(46): require_once('FCPATH\\index.php')
CRITICAL - 2023-01-03 07:34:57 --> Undefined array key "01"
in APPPATH\Views\analisa.php on line 116.
 1 APPPATH\Views\analisa.php(116): CodeIgniter\Debug\Exceptions->errorHandler(2, 'Undefined array key "01"', 'APPPATH\\Views\\analisa.php', 116)
 2 SYSTEMPATH\View\View.php(213): include('APPPATH\\Views\\analisa.php')
 3 SYSTEMPATH\View\View.php(216): CodeIgniter\View\View->CodeIgniter\View\{closure}()
 4 SYSTEMPATH\Common.php(1134): CodeIgniter\View\View->render('analisa', [], true)
 5 APPPATH\Controllers\Analisa.php(16): view('analisa', [...])
 6 SYSTEMPATH\CodeIgniter.php(927): App\Controllers\Analisa->index()
 7 SYSTEMPATH\CodeIgniter.php(482): CodeIgniter\CodeIgniter->runController(Object(App\Controllers\Analisa))
 8 SYSTEMPATH\CodeIgniter.php(351): CodeIgniter\CodeIgniter->handleRequest(null, Object(Config\Cache), false)
 9 FCPATH\index.php(67): CodeIgniter\CodeIgniter->run()
10 SYSTEMPATH\Commands\Server\rewrite.php(46): require_once('FCPATH\\index.php')
CRITICAL - 2023-01-03 07:35:21 --> Undefined array key "01"
in APPPATH\Views\analisa.php on line 155.
 1 APPPATH\Views\analisa.php(155): CodeIgniter\Debug\Exceptions->errorHandler(2, 'Undefined array key "01"', 'APPPATH\\Views\\analisa.php', 155)
 2 SYSTEMPATH\View\View.php(213): include('APPPATH\\Views\\analisa.php')
 3 SYSTEMPATH\View\View.php(216): CodeIgniter\View\View->CodeIgniter\View\{closure}()
 4 SYSTEMPATH\Common.php(1134): CodeIgniter\View\View->render('analisa', [], true)
 5 APPPATH\Controllers\Analisa.php(16): view('analisa', [...])
 6 SYSTEMPATH\CodeIgniter.php(927): App\Controllers\Analisa->index()
 7 SYSTEMPATH\CodeIgniter.php(482): CodeIgniter\CodeIgniter->runController(Object(App\Controllers\Analisa))
 8 SYSTEMPATH\CodeIgniter.php(351): CodeIgniter\CodeIgniter->handleRequest(null, Object(Config\Cache), false)
 9 FCPATH\index.php(67): CodeIgniter\CodeIgniter->run()
10 SYSTEMPATH\Commands\Server\rewrite.php(46): require_once('FCPATH\\index.php')
CRITICAL - 2023-01-03 07:35:32 --> Undefined array key "01"
in APPPATH\Views\analisa.php on line 173.
 1 APPPATH\Views\analisa.php(173): CodeIgniter\Debug\Exceptions->errorHandler(2, 'Undefined array key "01"', 'APPPATH\\Views\\analisa.php', 173)
 2 SYSTEMPATH\View\View.php(213): include('APPPATH\\Views\\analisa.php')
 3 SYSTEMPATH\View\View.php(216): CodeIgniter\View\View->CodeIgniter\View\{closure}()
 4 SYSTEMPATH\Common.php(1134): CodeIgniter\View\View->render('analisa', [], true)
 5 APPPATH\Controllers\Analisa.php(16): view('analisa', [...])
 6 SYSTEMPATH\CodeIgniter.php(927): App\Controllers\Analisa->index()
 7 SYSTEMPATH\CodeIgniter.php(482): CodeIgniter\CodeIgniter->runController(Object(App\Controllers\Analisa))
 8 SYSTEMPATH\CodeIgniter.php(351): CodeIgniter\CodeIgniter->handleRequest(null, Object(Config\Cache), false)
 9 FCPATH\index.php(67): CodeIgniter\CodeIgniter->run()
10 SYSTEMPATH\Commands\Server\rewrite.php(46): require_once('FCPATH\\index.php')
CRITICAL - 2023-01-03 07:36:09 --> Undefined array key "01"
in APPPATH\Controllers\Analisa.php on line 39.
 1 APPPATH\Controllers\Analisa.php(39): CodeIgniter\Debug\Exceptions->errorHandler(2, 'Undefined array key "01"', 'APPPATH\\Controllers\\Analisa.php', 39)
 2 SYSTEMPATH\CodeIgniter.php(927): App\Controllers\Analisa->prosesdata([...])
 3 SYSTEMPATH\CodeIgniter.php(482): CodeIgniter\CodeIgniter->runController(Object(App\Controllers\Analisa))
 4 SYSTEMPATH\CodeIgniter.php(351): CodeIgniter\CodeIgniter->handleRequest(null, Object(Config\Cache), false)
 5 FCPATH\index.php(67): CodeIgniter\CodeIgniter->run()
 6 SYSTEMPATH\Commands\Server\rewrite.php(46): require_once('FCPATH\\index.php')
CRITICAL - 2023-01-03 07:49:06 --> Undefined array key "01"
in APPPATH\Controllers\Analisa.php on line 90.
 1 APPPATH\Controllers\Analisa.php(90): CodeIgniter\Debug\Exceptions->errorHandler(2, 'Undefined array key "01"', 'APPPATH\\Controllers\\Analisa.php', 90)
 2 SYSTEMPATH\CodeIgniter.php(927): App\Controllers\Analisa->cetakdata([...])
 3 SYSTEMPATH\CodeIgniter.php(482): CodeIgniter\CodeIgniter->runController(Object(App\Controllers\Analisa))
 4 SYSTEMPATH\CodeIgniter.php(351): CodeIgniter\CodeIgniter->handleRequest(null, Object(Config\Cache), false)
 5 FCPATH\index.php(67): CodeIgniter\CodeIgniter->run()
 6 SYSTEMPATH\Commands\Server\rewrite.php(46): require_once('FCPATH\\index.php')
